09:13:18.423 [main] INFO  testCases.TC_001_AccountRegistrationTest - ************* starting TC_001_AccountRegistrationTest***************
09:13:18.805 [main] INFO  testCases.TC_001_AccountRegistrationTest - Clicked on My Account link 
09:18:51.445 [main] DEBUG io.netty.util.internal.logging.InternalLoggerFactory - Using Log4J2 as the default logging framework
09:18:51.476 [main] DEBUG io.netty.util.ResourceLeakDetector - -Dio.netty.leakDetection.level: simple
09:18:51.476 [main] DEBUG io.netty.util.ResourceLeakDetector - -Dio.netty.leakDetection.targetRecords: 4
09:18:51.482 [main] DEBUG io.netty.util.ResourceLeakDetectorFactory - Loaded default ResourceLeakDetector: io.netty.util.ResourceLeakDetector@1187c9e8
09:18:51.499 [main] DEBUG io.netty.util.internal.PlatformDependent0 - -Dio.netty.noUnsafe: false
09:18:51.500 [main] DEBUG io.netty.util.internal.PlatformDependent0 - Java version: 8
09:18:51.500 [main] DEBUG io.netty.util.internal.PlatformDependent0 - sun.misc.Unsafe.theUnsafe: available
09:18:51.501 [main] DEBUG io.netty.util.internal.PlatformDependent0 - sun.misc.Unsafe.copyMemory: available
09:18:51.501 [main] DEBUG io.netty.util.internal.PlatformDependent0 - sun.misc.Unsafe.storeFence: available
09:18:51.501 [main] DEBUG io.netty.util.internal.PlatformDependent0 - java.nio.Buffer.address: available
09:18:51.502 [main] DEBUG io.netty.util.internal.PlatformDependent0 - direct buffer constructor: available
09:18:51.503 [main] DEBUG io.netty.util.internal.PlatformDependent0 - java.nio.Bits.unaligned: available, true
09:18:51.503 [main] DEBUG io.netty.util.internal.PlatformDependent0 - jdk.internal.misc.Unsafe.allocateUninitializedArray(int): unavailable prior to Java9
09:18:51.503 [main] DEBUG io.netty.util.internal.PlatformDependent0 - java.nio.DirectByteBuffer.<init>(long, int): available
09:18:51.503 [main] DEBUG io.netty.util.internal.PlatformDependent - sun.misc.Unsafe: available
09:18:51.503 [main] DEBUG io.netty.util.internal.PlatformDependent - -Dio.netty.tmpdir: C:\Users\Mona\AppData\Local\Temp (java.io.tmpdir)
09:18:51.503 [main] DEBUG io.netty.util.internal.PlatformDependent - -Dio.netty.bitMode: 64 (sun.arch.data.model)
09:18:51.504 [main] DEBUG io.netty.util.internal.PlatformDependent - Platform: Windows
09:18:51.504 [main] DEBUG io.netty.util.internal.PlatformDependent - -Dio.netty.maxDirectMemory: 1849688064 bytes
09:18:51.504 [main] DEBUG io.netty.util.internal.PlatformDependent - -Dio.netty.uninitializedArrayAllocationThreshold: -1
09:18:51.505 [main] DEBUG io.netty.util.internal.CleanerJava6 - java.nio.ByteBuffer.cleaner(): available
09:18:51.505 [main] DEBUG io.netty.util.internal.PlatformDependent - -Dio.netty.noPreferDirect: false
09:18:51.511 [main] DEBUG io.netty.util.internal.PlatformDependent - org.jctools-core.MpscChunkedArrayQueue: available
09:18:51.527 [main] DEBUG io.netty.util.internal.InternalThreadLocalMap - -Dio.netty.threadLocalMap.stringBuilder.initialSize: 1024
09:18:51.527 [main] DEBUG io.netty.util.internal.InternalThreadLocalMap - -Dio.netty.threadLocalMap.stringBuilder.maxSize: 4096
09:18:51.887 [main] DEBUG io.netty.handler.ssl.JdkSslContext - Default protocols (JDK): [TLSv1.2, TLSv1.1, TLSv1] 
09:18:51.887 [main] DEBUG io.netty.handler.ssl.JdkSslContext - Default cipher suites (JDK): [TLS_ECDHE_ECDSA_WITH_AES_256_GCM_SHA384, TLS_ECDHE_ECDSA_WITH_AES_128_GCM_SHA256, TLS_ECDHE_RSA_WITH_AES_128_GCM_SHA256, TLS_ECDHE_RSA_WITH_AES_256_GCM_SHA384, TLS_ECDHE_RSA_WITH_AES_128_CBC_SHA, TLS_ECDHE_RSA_WITH_AES_256_CBC_SHA, TLS_RSA_WITH_AES_128_GCM_SHA256, TLS_RSA_WITH_AES_128_CBC_SHA, TLS_RSA_WITH_AES_256_CBC_SHA]
09:18:51.909 [main] DEBUG io.netty.util.concurrent.GlobalEventExecutor - -Dio.netty.globalEventExecutor.quietPeriodSeconds: 1
09:18:51.929 [main] DEBUG io.netty.channel.MultithreadEventLoopGroup - -Dio.netty.eventLoopThreads: 16
09:18:51.939 [main] DEBUG io.netty.channel.nio.NioEventLoop - -Dio.netty.noKeySetOptimization: false
09:18:51.939 [main] DEBUG io.netty.channel.nio.NioEventLoop - -Dio.netty.selectorAutoRebuildThreshold: 512
09:18:51.991 [main] DEBUG io.netty.buffer.PooledByteBufAllocator - -Dio.netty.allocator.numHeapArenas: 16
09:18:51.991 [main] DEBUG io.netty.buffer.PooledByteBufAllocator - -Dio.netty.allocator.numDirectArenas: 16
09:18:51.991 [main] DEBUG io.netty.buffer.PooledByteBufAllocator - -Dio.netty.allocator.pageSize: 8192
09:18:51.991 [main] DEBUG io.netty.buffer.PooledByteBufAllocator - -Dio.netty.allocator.maxOrder: 9
09:18:51.991 [main] DEBUG io.netty.buffer.PooledByteBufAllocator - -Dio.netty.allocator.chunkSize: 4194304
09:18:51.991 [main] DEBUG io.netty.buffer.PooledByteBufAllocator - -Dio.netty.allocator.smallCacheSize: 256
09:18:51.991 [main] DEBUG io.netty.buffer.PooledByteBufAllocator - -Dio.netty.allocator.normalCacheSize: 64
09:18:51.991 [main] DEBUG io.netty.buffer.PooledByteBufAllocator - -Dio.netty.allocator.maxCachedBufferCapacity: 32768
09:18:51.991 [main] DEBUG io.netty.buffer.PooledByteBufAllocator - -Dio.netty.allocator.cacheTrimInterval: 8192
09:18:51.991 [main] DEBUG io.netty.buffer.PooledByteBufAllocator - -Dio.netty.allocator.cacheTrimIntervalMillis: 0
09:18:51.991 [main] DEBUG io.netty.buffer.PooledByteBufAllocator - -Dio.netty.allocator.useCacheForAllThreads: false
09:18:51.991 [main] DEBUG io.netty.buffer.PooledByteBufAllocator - -Dio.netty.allocator.maxCachedByteBuffersPerChunk: 1023
09:18:52.003 [main] DEBUG io.netty.buffer.ByteBufUtil - -Dio.netty.allocator.type: pooled
09:18:52.004 [main] DEBUG io.netty.buffer.ByteBufUtil - -Dio.netty.threadLocalDirectBufferSize: 0
09:18:52.004 [main] DEBUG io.netty.buffer.ByteBufUtil - -Dio.netty.maxThreadLocalCharBufferSize: 16384
09:18:52.817 [Forwarding newSession on session null to remote] DEBUG io.netty.channel.DefaultChannelId - -Dio.netty.processId: 22852 (auto-detected)
09:18:52.820 [Forwarding newSession on session null to remote] DEBUG io.netty.util.NetUtil - -Djava.net.preferIPv4Stack: false
09:18:52.820 [Forwarding newSession on session null to remote] DEBUG io.netty.util.NetUtil - -Djava.net.preferIPv6Addresses: false
09:18:52.972 [Forwarding newSession on session null to remote] DEBUG io.netty.util.NetUtilInitializations - Loopback interface: lo (Software Loopback Interface 1, 127.0.0.1)
09:18:52.973 [Forwarding newSession on session null to remote] DEBUG io.netty.util.NetUtil - Failed to get SOMAXCONN from sysctl and file \proc\sys\net\core\somaxconn. Default: 200
09:18:52.983 [Forwarding newSession on session null to remote] DEBUG io.netty.channel.DefaultChannelId - -Dio.netty.machineId: 10:6f:d9:ff:fe:1c:99:db (auto-detected)
09:18:53.027 [AsyncHttpClient-1-2] DEBUG io.netty.buffer.AbstractByteBuf - -Dio.netty.buffer.checkAccessible: true
09:18:53.027 [AsyncHttpClient-1-2] DEBUG io.netty.buffer.AbstractByteBuf - -Dio.netty.buffer.checkBounds: true
09:18:53.027 [AsyncHttpClient-1-2] DEBUG io.netty.util.ResourceLeakDetectorFactory - Loaded default ResourceLeakDetector: io.netty.util.ResourceLeakDetector@29b04bf3
09:18:53.072 [AsyncHttpClient-1-2] DEBUG io.netty.util.Recycler - -Dio.netty.recycler.maxCapacityPerThread: 4096
09:18:53.072 [AsyncHttpClient-1-2] DEBUG io.netty.util.Recycler - -Dio.netty.recycler.ratio: 8
09:18:53.072 [AsyncHttpClient-1-2] DEBUG io.netty.util.Recycler - -Dio.netty.recycler.chunkSize: 32
09:18:53.072 [AsyncHttpClient-1-2] DEBUG io.netty.util.Recycler - -Dio.netty.recycler.blocking: false
09:18:53.072 [AsyncHttpClient-1-2] DEBUG io.netty.util.Recycler - -Dio.netty.recycler.batchFastThreadLocalOnly: true
09:18:53.852 [AsyncHttpClient-1-2] DEBUG io.netty.handler.codec.compression.Brotli - brotli4j not in the classpath; Brotli support will be unavailable.
09:18:54.026 [main] DEBUG io.netty.util.internal.ThreadLocalRandom - -Dio.netty.initialSeedUniquifier: 0x4f023dde3e67a37d
09:18:54.972 [main] INFO  testCases.TC_001_AccountRegistrationTest - ************* starting TC_001_AccountRegistrationTest***************
09:18:54.972 [main] DEBUG testCases.TC_001_AccountRegistrationTest - Debug started....
09:18:55.572 [main] INFO  testCases.TC_001_AccountRegistrationTest - Clicked on My Account link 
09:45:28.290 [main] INFO  testCases.TC_001_AccountRegistrationTest - ************* starting TC_001_AccountRegistrationTest***************
09:45:28.668 [main] INFO  testCases.TC_001_AccountRegistrationTest - Clicked on My Account link 
09:46:00.542 [main] INFO  testCases.TC_001_AccountRegistrationTest - ************* starting TC_001_AccountRegistrationTest***************
09:46:00.828 [main] INFO  testCases.TC_001_AccountRegistrationTest - Clicked on My Account link 
09:47:06.135 [main] INFO  testCases.TC_001_AccountRegistrationTest - ************* starting TC_001_AccountRegistrationTest***************
09:47:06.219 [main] INFO  testCases.TC_001_AccountRegistrationTest - Clicked on My Account link 
09:49:32.188 [main] INFO  testCases.TC_001_AccountRegistrationTest - ************* starting TC_001_AccountRegistrationTest***************
09:49:32.570 [main] INFO  testCases.TC_001_AccountRegistrationTest - Clicked on My Account link 
09:49:39.741 [main] INFO  testCases.TC_001_AccountRegistrationTest - ************* starting TC_001_AccountRegistrationTest***************
09:49:39.797 [main] INFO  testCases.TC_001_AccountRegistrationTest - Clicked on My Account link 
09:51:23.738 [TestNG-tests-1] INFO  testCases.TC_001_AccountRegistrationTest - ************* starting TC_001_AccountRegistrationTest***************
09:51:24.113 [TestNG-tests-1] INFO  testCases.TC_001_AccountRegistrationTest - Clicked on My Account link 
09:51:25.578 [TestNG-tests-2] INFO  testCases.TC_001_AccountRegistrationTest - ************* starting TC_001_AccountRegistrationTest***************
09:51:25.634 [TestNG-tests-2] INFO  testCases.TC_001_AccountRegistrationTest - Clicked on My Account link 
09:53:01.445 [TestNG-tests-1] INFO  testCases.TC_001_AccountRegistrationTest - ************* starting TC_001_AccountRegistrationTest***************
09:53:01.535 [TestNG-tests-1] INFO  testCases.TC_001_AccountRegistrationTest - Clicked on My Account link 
09:53:02.852 [TestNG-tests-2] INFO  testCases.TC_001_AccountRegistrationTest - ************* starting TC_001_AccountRegistrationTest***************
09:53:02.908 [TestNG-tests-2] INFO  testCases.TC_001_AccountRegistrationTest - Clicked on My Account link 
10:31:18.270 [TestNG-tests-1] INFO  testCases.TC_001_AccountRegistrationTest - ************* starting TC_001_AccountRegistrationTest***************
10:31:18.738 [TestNG-tests-1] INFO  testCases.TC_001_AccountRegistrationTest - Clicked on My Account link 
10:31:19.373 [TestNG-tests-2] INFO  testCases.TC_001_AccountRegistrationTest - ************* starting TC_001_AccountRegistrationTest***************
10:31:19.454 [TestNG-tests-2] INFO  testCases.TC_001_AccountRegistrationTest - Clicked on My Account link 
10:40:12.145 [TestNG-tests-1] INFO  testCases.TC_001_AccountRegistrationTest - ************* starting TC_001_AccountRegistrationTest***************
10:40:12.222 [TestNG-tests-1] INFO  testCases.TC_001_AccountRegistrationTest - Clicked on My Account link 
10:40:44.401 [TestNG-tests-1] INFO  testCases.TC_001_AccountRegistrationTest - ************* starting TC_001_AccountRegistrationTest***************
10:40:44.473 [TestNG-tests-1] INFO  testCases.TC_001_AccountRegistrationTest - Clicked on My Account link 
11:04:24.750 [TestNG-tests-1] INFO  testCases.TC_001_AccountRegistrationTest - ************* starting TC_001_AccountRegistrationTest***************
11:04:24.831 [TestNG-tests-1] INFO  testCases.TC_001_AccountRegistrationTest - Clicked on My Account link 
11:47:14.967 [main] INFO  testCases.TC_001_AccountRegistrationTest - ************* starting TC_001_AccountRegistrationTest***************
11:47:15.040 [main] INFO  testCases.TC_001_AccountRegistrationTest - Clicked on My Account link 
11:49:57.642 [main] INFO  testCases.TC_001_AccountRegistrationTest - ************* starting TC_001_AccountRegistrationTest***************
11:49:57.718 [main] INFO  testCases.TC_001_AccountRegistrationTest - Clicked on My Account link 
11:55:53.198 [main] INFO  testCases.TC_001_AccountRegistrationTest - ************* starting TC_001_AccountRegistrationTest***************
11:55:53.282 [main] INFO  testCases.TC_001_AccountRegistrationTest - Clicked on My Account link 
12:43:12.803 [main] INFO  testCases.TC_001_AccountRegistrationTest - ************* starting TC_001_AccountRegistrationTest***************
12:43:12.888 [main] INFO  testCases.TC_001_AccountRegistrationTest - Clicked on My Account link 
15:45:38.614 [main] INFO  testCases.TC_001_AccountRegistrationTest - ************* starting TC_001_AccountRegistrationTest***************
15:45:38.706 [main] INFO  testCases.TC_001_AccountRegistrationTest - Clicked on My Account link 
17:10:35.814 [main] INFO  testCases.TC_003_LoginDataDrivenTest - .........Statrting TC_003_LoginDataDrivenTest.......
17:10:46.694 [main] INFO  testCases.TC_003_LoginDataDrivenTest - ....Finishing TC_003_LoginDataDrivenTest.....
17:10:46.720 [main] INFO  testCases.TC_003_LoginDataDrivenTest - .........Statrting TC_003_LoginDataDrivenTest.......
17:10:57.757 [main] INFO  testCases.TC_003_LoginDataDrivenTest - ....Finishing TC_003_LoginDataDrivenTest.....
17:10:57.757 [main] INFO  testCases.TC_003_LoginDataDrivenTest - .........Statrting TC_003_LoginDataDrivenTest.......
17:11:08.729 [main] INFO  testCases.TC_003_LoginDataDrivenTest - ....Finishing TC_003_LoginDataDrivenTest.....
17:11:08.737 [main] INFO  testCases.TC_003_LoginDataDrivenTest - .........Statrting TC_003_LoginDataDrivenTest.......
17:11:10.411 [main] INFO  testCases.TC_003_LoginDataDrivenTest - ....Finishing TC_003_LoginDataDrivenTest.....
12:07:25.246 [main] INFO  testCases.TC_001_AccountRegistrationTest - ************* starting TC_001_AccountRegistrationTest***************
12:07:25.359 [main] INFO  testCases.TC_001_AccountRegistrationTest - Clicked on My Account link 
12:10:49.728 [main] INFO  testCases.TC_001_AccountRegistrationTest - ************* starting TC_001_AccountRegistrationTest***************
12:10:49.797 [main] INFO  testCases.TC_001_AccountRegistrationTest - Clicked on My Account link 
10:04:33.814 [main] INFO  testCases.TC_001_AccountRegistrationTest - ************* starting TC_001_AccountRegistrationTest***************
10:04:33.917 [main] INFO  testCases.TC_001_AccountRegistrationTest - Clicked on My Account link 
10:55:38.166 [main] INFO  testCases.TC_001_AccountRegistrationTest - ************* starting TC_001_AccountRegistrationTest***************
10:55:38.270 [main] INFO  testCases.TC_001_AccountRegistrationTest - Clicked on My Account link 
13:57:55.374 [main] INFO  testCases.TC_001_AccountRegistrationTest - ************* starting TC_001_AccountRegistrationTest***************
13:57:55.449 [main] INFO  testCases.TC_001_AccountRegistrationTest - Clicked on My Account link 
14:04:32.204 [main] INFO  testCases.TC_001_AccountRegistrationTest - ************* starting TC_001_AccountRegistrationTest***************
14:04:32.274 [main] INFO  testCases.TC_001_AccountRegistrationTest - Clicked on My Account link 
14:24:27.242 [main] INFO  testCases.TC_001_AccountRegistrationTest - ************* starting TC_001_AccountRegistrationTest***************
14:24:27.320 [main] INFO  testCases.TC_001_AccountRegistrationTest - Clicked on My Account link 
14:26:10.295 [main] INFO  testCases.TC_001_AccountRegistrationTest - ************* starting TC_001_AccountRegistrationTest***************
14:26:10.369 [main] INFO  testCases.TC_001_AccountRegistrationTest - Clicked on My Account link 
14:32:21.570 [main] INFO  testCases.TC_001_AccountRegistrationTest - ************* starting TC_001_AccountRegistrationTest***************
14:32:21.639 [main] INFO  testCases.TC_001_AccountRegistrationTest - Clicked on My Account link 
14:39:13.371 [main] INFO  testCases.TC_001_AccountRegistrationTest - ************* starting TC_001_AccountRegistrationTest***************
14:39:13.444 [main] INFO  testCases.TC_001_AccountRegistrationTest - Clicked on My Account link 
